<?xml version="1.0" encoding="UTF-8"?>
<testsuite name="MoodAnalyzerTest" tests="1" skipped="0" failures="0" errors="0" timestamp="2022-04-18T11:11:31" hostname="AVINASHPJ-PC" time="0.034">
  <properties/>
  <testcase name="givenSadMoodMessage_AnalyseMoodUsingConstructor_ResultShouldMatch()" classname="MoodAnalyzerTest" time="0.034"/>
  <system-out><![CDATA[]]></system-out>
  <system-err><![CDATA[]]></system-err>
</testsuite>
