<?xml version="1.0" encoding="UTF-8"?>
<testsuite name="MoodAnalyzerTest" tests="1" skipped="0" failures="0" errors="0" timestamp="2022-04-18T13:39:42" hostname="AVINASHPJ-PC" time="0.035">
  <properties/>
  <testcase name="givenEmptyMoodMessage_AnalyseMoodWithException_ThrowException()" classname="MoodAnalyzerTest" time="0.035"/>
  <system-out><![CDATA[]]></system-out>
  <system-err><![CDATA[]]></system-err>
</testsuite>
